TN:
SF:src/app/in-memory-data.service.ts
FN:17,(anonymous_0)
FN:21,(anonymous_1)
FNF:2
FNH:2
FNDA:16,(anonymous_0)
FNDA:11,(anonymous_1)
DA:14,1
DA:18,16
DA:22,11
DA:36,1
LF:4
LH:4
BRF:0
BRH:0
end_of_record
TN:
SF:src/app/app/app.component.ts
FNF:0
FNH:0
DA:8,1
LF:1
LH:1
BRF:0
BRH:0
end_of_record
TN:
SF:src/app/app/app.module.ts
FNF:0
FNH:0
DA:13,1
LF:1
LH:1
BRF:0
BRH:0
end_of_record
TN:
SF:src/app/app/declarations.ts
FNF:0
FNH:0
DA:7,1
LF:1
LH:1
BRF:0
BRH:0
end_of_record
TN:
SF:src/app/app/imports.ts
FNF:0
FNH:0
DA:10,1
LF:1
LH:1
BRF:0
BRH:0
end_of_record
TN:
SF:src/app/messages/message.service.ts
FN:7,(anonymous_0)
FN:11,(anonymous_1)
FN:15,(anonymous_2)
FNF:3
FNH:3
FNDA:2,(anonymous_0)
FNDA:2,(anonymous_1)
FNDA:5,(anonymous_2)
DA:4,1
DA:5,4
DA:8,2
DA:12,2
DA:16,5
LF:5
LH:5
BRF:0
BRH:0
end_of_record
TN:
SF:src/app/messages/messages.component.ts
FN:11,(anonymous_0)
FNF:1
FNH:1
FNDA:1,(anonymous_0)
DA:10,1
DA:11,1
LF:2
LH:2
BRF:0
BRH:0
end_of_record
TN:
SF:src/app/model/BasicRecord.ts
FN:17,(anonymous_0)
FN:21,(anonymous_1)
FN:24,(anonymous_2)
FN:31,(anonymous_3)
FN:42,(anonymous_4)
FN:59,(anonymous_5)
FN:68,(anonymous_6)
FN:69,(anonymous_7)
FN:79,(anonymous_8)
FN:85,(anonymous_9)
FN:89,(anonymous_10)
FNF:11
FNH:11
FNDA:28,(anonymous_0)
FNDA:112,(anonymous_1)
FNDA:4,(anonymous_2)
FNDA:4,(anonymous_3)
FNDA:611,(anonymous_4)
FNDA:1213,(anonymous_5)
FNDA:1222,(anonymous_6)
FNDA:24440,(anonymous_7)
FNDA:24,(anonymous_8)
FNDA:9,(anonymous_9)
FNDA:820,(anonymous_10)
DA:12,1
DA:21,112
DA:28,4
DA:33,4
DA:43,611
DA:44,611
DA:45,2
DA:46,1
DA:47,1
DA:49,1
DA:50,1
DA:55,609
DA:60,1213
DA:65,1213
DA:69,1222
DA:70,24440
DA:72,1222
DA:73,1222
DA:74,1222
DA:80,24
DA:86,9
DA:91,820
LF:22
LH:22
BRDA:26,0,0,4
BRDA:42,1,0,609
BRDA:44,2,0,2
BRDA:44,2,1,609
BRDA:45,3,0,1
BRDA:45,3,1,1
BRDA:47,4,0,1
BRDA:68,5,0,1222
BRDA:72,6,0,1222
BRDA:72,6,1,1222
BRDA:79,7,0,15
BRDA:80,8,0,9
BRDA:80,8,1,15
BRDA:89,9,0,805
BRDA:91,10,0,15
BRDA:91,10,1,805
BRF:16
BRH:16
end_of_record
TN:
SF:src/app/model/Tweet.ts
FN:15,(anonymous_0)
FN:34,(anonymous_1)
FNF:2
FNH:2
FNDA:209,(anonymous_0)
FNDA:416,(anonymous_1)
DA:13,1
DA:16,209
DA:17,209
DA:18,6
DA:19,1
DA:20,5
DA:21,4
DA:22,4
DA:23,1
DA:24,1
DA:25,1
DA:30,203
DA:35,416
DA:36,416
DA:41,416
LF:15
LH:15
BRDA:17,0,0,6
BRDA:17,0,1,203
BRDA:18,1,0,1
BRDA:18,1,1,5
BRDA:20,2,0,4
BRDA:20,2,1,1
BRDA:23,3,0,1
BRDA:34,4,0,416
BRDA:34,5,0,416
BRF:9
BRH:9
end_of_record
TN:
SF:src/app/model/User.ts
FN:37,(anonymous_0)
FN:56,(anonymous_1)
FNF:2
FNH:2
FNDA:399,(anonymous_0)
FNDA:796,(anonymous_1)
DA:17,399
DA:18,399
DA:19,399
DA:20,399
DA:21,399
DA:22,399
DA:23,399
DA:24,399
DA:26,1
DA:38,399
DA:39,399
DA:40,3
DA:41,1
DA:42,2
DA:43,1
DA:44,1
DA:45,1
DA:46,1
DA:47,1
DA:52,396
DA:57,796
DA:58,6368
DA:59,796
DA:60,796
DA:64,796
LF:25
LH:25
BRDA:39,0,0,3
BRDA:39,0,1,396
BRDA:40,1,0,1
BRDA:40,1,1,2
BRDA:42,2,0,1
BRDA:42,2,1,1
BRDA:45,3,0,1
BRF:7
BRH:7
end_of_record
TN:
SF:src/app/router/routes.ts
FNF:0
FNH:0
DA:5,1
LF:1
LH:1
BRF:0
BRH:0
end_of_record
TN:
SF:src/app/router/routing.module.ts
FNF:0
FNH:0
DA:15,1
LF:1
LH:1
BRF:0
BRH:0
end_of_record
TN:
SF:src/app/tweet/tweet.component.ts
FN:17,(anonymous_0)
FN:19,(anonymous_1)
FN:23,(anonymous_2)
FN:26,(anonymous_3)
FNF:4
FNH:4
FNDA:183,(anonymous_0)
FNDA:182,(anonymous_1)
FNDA:182,(anonymous_2)
FNDA:182,(anonymous_3)
DA:12,1
DA:13,183
DA:14,183
DA:15,183
DA:17,183
DA:20,182
DA:24,182
DA:26,182
LF:8
LH:8
BRF:0
BRH:0
end_of_record
TN:
SF:src/app/tweet/tweet.service.ts
FN:18,(anonymous_0)
FN:23,(anonymous_1)
FN:39,(anonymous_2)
FN:50,(anonymous_3)
FN:60,(anonymous_4)
FN:61,(anonymous_5)
FNF:6
FNH:6
FNDA:13,(anonymous_0)
FNDA:29,(anonymous_1)
FNDA:3,(anonymous_2)
FNDA:1,(anonymous_3)
FNDA:33,(anonymous_4)
FNDA:1,(anonymous_5)
DA:8,1
DA:15,1
DA:16,13
DA:18,13
DA:19,13
DA:24,29
DA:40,3
DA:51,1
DA:61,33
DA:62,1
DA:65,1
LF:11
LH:11
BRF:0
BRH:0
end_of_record
TN:
SF:src/app/tweet-feed/tweet-feed.component.ts
FN:49,(anonymous_0)
FN:55,(anonymous_1)
FN:65,(anonymous_2)
FN:71,(anonymous_3)
FN:75,(anonymous_4)
FN:80,(anonymous_5)
FN:81,(anonymous_6)
FN:85,(anonymous_7)
FN:87,(anonymous_8)
FN:99,(anonymous_9)
FN:100,(anonymous_10)
FN:100,(anonymous_11)
FN:103,(anonymous_12)
FN:105,(anonymous_13)
FN:110,(anonymous_14)
FN:116,(anonymous_15)
FN:121,(anonymous_16)
FN:124,(anonymous_17)
FNF:18
FNH:18
FNDA:11,(anonymous_0)
FNDA:31,(anonymous_1)
FNDA:10,(anonymous_2)
FNDA:17,(anonymous_3)
FNDA:10,(anonymous_4)
FNDA:15,(anonymous_5)
FNDA:14,(anonymous_6)
FNDA:1413,(anonymous_7)
FNDA:841,(anonymous_8)
FNDA:14,(anonymous_9)
FNDA:630,(anonymous_10)
FNDA:105,(anonymous_11)
FNDA:15,(anonymous_12)
FNDA:15,(anonymous_13)
FNDA:4,(anonymous_14)
FNDA:2,(anonymous_15)
FNDA:2,(anonymous_16)
FNDA:10,(anonymous_17)
DA:41,1
DA:42,11
DA:43,11
DA:44,11
DA:50,11
DA:51,11
DA:52,11
DA:53,11
DA:55,11
DA:57,31
DA:58,5
DA:59,5
DA:60,5
DA:66,10
DA:67,10
DA:68,10
DA:72,17
DA:76,10
DA:77,10
DA:81,15
DA:82,14
DA:83,14
DA:84,14
DA:85,1413
DA:88,841
DA:89,313
DA:91,528
DA:92,517
DA:94,11
DA:100,630
DA:104,15
DA:105,15
DA:106,15
DA:111,4
DA:112,4
DA:117,2
DA:118,2
DA:119,2
DA:121,2
DA:128,10
DA:129,10
LF:41
LH:41
BRDA:57,0,0,5
BRDA:72,1,0,2
BRDA:72,1,1,15
BRDA:88,2,0,313
BRDA:91,3,0,517
BRDA:117,4,0,1
BRDA:117,4,1,1
BRDA:128,5,0,10
BRF:8
BRH:8
end_of_record
TN:
SF:src/app/user/user.component.ts
FN:17,(anonymous_0)
FN:22,(anonymous_1)
FN:31,(anonymous_2)
FN:35,(anonymous_3)
FN:38,(anonymous_4)
FN:41,(anonymous_5)
FNF:6
FNH:6
FNDA:6,(anonymous_0)
FNDA:20,(anonymous_1)
FNDA:5,(anonymous_2)
FNDA:9,(anonymous_3)
FNDA:8,(anonymous_4)
FNDA:5,(anonymous_5)
DA:12,1
DA:13,6
DA:15,6
DA:18,6
DA:19,6
DA:20,6
DA:22,6
DA:24,20
DA:25,4
DA:26,4
DA:32,5
DA:36,9
DA:37,9
DA:38,8
DA:45,5
DA:46,5
LF:16
LH:16
BRDA:24,0,0,4
BRDA:37,1,0,8
BRDA:45,2,0,5
BRF:3
BRH:3
end_of_record
TN:
SF:src/app/user/user.service.ts
FN:14,(anonymous_0)
FN:18,(anonymous_1)
FN:23,(anonymous_2)
FN:32,(anonymous_3)
FN:49,(anonymous_4)
FN:53,(anonymous_5)
FN:54,(anonymous_6)
FNF:7
FNH:7
FNDA:12,(anonymous_0)
FNDA:205,(anonymous_1)
FNDA:12,(anonymous_2)
FNDA:205,(anonymous_3)
FNDA:2,(anonymous_4)
FNDA:212,(anonymous_5)
FNDA:3,(anonymous_6)
DA:11,1
DA:12,12
DA:14,12
DA:15,12
DA:19,205
DA:24,12
DA:33,205
DA:34,198
DA:35,198
DA:46,7
DA:50,2
DA:54,212
DA:55,3
DA:58,3
LF:14
LH:14
BRDA:33,0,0,198
BRF:1
BRH:1
end_of_record
