TN:
SF:src/app/in-memory-data.service.ts
FN:14,(anonymous_0)
FN:18,(anonymous_1)
FNF:2
FNH:2
FNDA:16,(anonymous_0)
FNDA:11,(anonymous_1)
DA:11,1
DA:15,16
DA:19,11
DA:33,1
LF:4
LH:4
BRF:0
BRH:0
end_of_record
TN:
SF:src/app/app/app.component.ts
FNF:0
FNH:0
DA:8,1
LF:1
LH:1
BRF:0
BRH:0
end_of_record
TN:
SF:src/app/app/app.module.ts
FNF:0
FNH:0
DA:12,1
LF:1
LH:1
BRF:0
BRH:0
end_of_record
TN:
SF:src/app/app/declarations.ts
FNF:0
FNH:0
DA:7,1
LF:1
LH:1
BRF:0
BRH:0
end_of_record
TN:
SF:src/app/app/imports.ts
FNF:0
FNH:0
DA:10,1
LF:1
LH:1
BRF:0
BRH:0
end_of_record
TN:
SF:src/app/messages/message.service.ts
FN:7,(anonymous_0)
FN:11,(anonymous_1)
FN:15,(anonymous_2)
FNF:3
FNH:3
FNDA:2,(anonymous_0)
FNDA:2,(anonymous_1)
FNDA:5,(anonymous_2)
DA:4,1
DA:5,4
DA:8,2
DA:12,2
DA:16,5
LF:5
LH:5
BRF:0
BRH:0
end_of_record
TN:
SF:src/app/messages/messages.component.ts
FN:11,(anonymous_0)
FNF:1
FNH:1
FNDA:1,(anonymous_0)
DA:9,1
DA:11,1
LF:2
LH:2
BRF:0
BRH:0
end_of_record
TN:
SF:src/app/model/BasicRecord.ts
FN:13,(anonymous_0)
FN:14,(anonymous_1)
FN:17,(anonymous_2)
FN:21,(anonymous_3)
FN:32,(anonymous_4)
FN:49,(anonymous_5)
FN:58,(anonymous_6)
FN:59,(anonymous_7)
FN:69,(anonymous_8)
FN:73,(anonymous_9)
FN:77,(anonymous_10)
FNF:11
FNH:11
FNDA:28,(anonymous_0)
FNDA:112,(anonymous_1)
FNDA:4,(anonymous_2)
FNDA:4,(anonymous_3)
FNDA:611,(anonymous_4)
FNDA:1213,(anonymous_5)
FNDA:1222,(anonymous_6)
FNDA:24440,(anonymous_7)
FNDA:24,(anonymous_8)
FNDA:9,(anonymous_9)
FNDA:820,(anonymous_10)
DA:12,1
DA:14,112
DA:18,4
DA:23,4
DA:33,611
DA:34,611
DA:35,2
DA:36,1
DA:38,1
DA:40,1
DA:41,1
DA:45,609
DA:50,1213
DA:55,1213
DA:59,1222
DA:60,24440
DA:62,1222
DA:63,1222
DA:64,1222
DA:70,24
DA:74,9
DA:79,820
LF:22
LH:22
BRDA:17,0,0,4
BRDA:32,1,0,609
BRDA:34,2,0,2
BRDA:34,2,1,609
BRDA:35,3,0,1
BRDA:35,3,1,1
BRDA:38,4,0,1
BRDA:58,5,0,1222
BRDA:62,6,0,1222
BRDA:62,6,1,1222
BRDA:69,7,0,15
BRDA:70,8,0,9
BRDA:70,8,1,15
BRDA:77,9,0,805
BRDA:79,10,0,15
BRDA:79,10,1,805
BRF:16
BRH:16
end_of_record
TN:
SF:src/app/model/Tweet.ts
FN:15,(anonymous_0)
FN:35,(anonymous_1)
FNF:2
FNH:2
FNDA:209,(anonymous_0)
FNDA:416,(anonymous_1)
DA:13,1
DA:16,209
DA:17,209
DA:18,6
DA:19,1
DA:21,5
DA:22,4
DA:23,4
DA:25,1
DA:26,1
DA:27,1
DA:31,203
DA:36,416
DA:37,416
DA:42,416
LF:15
LH:15
BRDA:17,0,0,6
BRDA:17,0,1,203
BRDA:18,1,0,1
BRDA:18,1,1,5
BRDA:21,2,0,4
BRDA:21,2,1,1
BRDA:25,3,0,1
BRDA:35,4,0,416
BRDA:35,5,0,416
BRF:9
BRH:9
end_of_record
TN:
SF:src/app/model/User.ts
FN:29,(anonymous_0)
FN:49,(anonymous_1)
FNF:2
FNH:2
FNDA:399,(anonymous_0)
FNDA:796,(anonymous_1)
DA:17,399
DA:18,399
DA:19,399
DA:20,399
DA:21,399
DA:22,399
DA:23,399
DA:24,399
DA:27,1
DA:30,399
DA:31,399
DA:32,3
DA:33,1
DA:35,2
DA:36,1
DA:37,1
DA:39,1
DA:40,1
DA:41,1
DA:45,396
DA:50,796
DA:51,796
DA:52,6368
DA:53,796
DA:54,796
DA:58,796
LF:26
LH:26
BRDA:31,0,0,3
BRDA:31,0,1,396
BRDA:32,1,0,1
BRDA:32,1,1,2
BRDA:35,2,0,1
BRDA:35,2,1,1
BRDA:39,3,0,1
BRF:7
BRH:7
end_of_record
TN:
SF:src/app/router/routes.ts
FNF:0
FNH:0
DA:4,1
LF:1
LH:1
BRF:0
BRH:0
end_of_record
TN:
SF:src/app/router/routing.module.ts
FNF:0
FNH:0
DA:9,1
LF:1
LH:1
BRF:0
BRH:0
end_of_record
TN:
SF:src/app/tweet/tweet.component.ts
FN:16,(anonymous_0)
FN:18,(anonymous_1)
FN:22,(anonymous_2)
FN:24,(anonymous_3)
FNF:4
FNH:4
FNDA:183,(anonymous_0)
FNDA:182,(anonymous_1)
FNDA:182,(anonymous_2)
FNDA:182,(anonymous_3)
DA:11,1
DA:12,183
DA:13,183
DA:14,183
DA:16,183
DA:19,182
DA:23,182
DA:24,182
LF:8
LH:8
BRF:0
BRH:0
end_of_record
TN:
SF:src/app/tweet/tweet.service.ts
FN:17,(anonymous_0)
FN:22,(anonymous_1)
FN:39,(anonymous_2)
FN:48,(anonymous_3)
FN:58,(anonymous_4)
FN:59,(anonymous_5)
FNF:6
FNH:6
FNDA:13,(anonymous_0)
FNDA:29,(anonymous_1)
FNDA:3,(anonymous_2)
FNDA:1,(anonymous_3)
FNDA:33,(anonymous_4)
FNDA:1,(anonymous_5)
DA:7,1
DA:14,1
DA:15,13
DA:17,13
DA:18,13
DA:23,29
DA:40,3
DA:49,1
DA:59,33
DA:60,1
DA:61,1
LF:11
LH:11
BRF:0
BRH:0
end_of_record
TN:
SF:src/app/tweet-feed/tweet-feed.component.ts
FN:47,(anonymous_0)
FN:53,(anonymous_1)
FN:63,(anonymous_2)
FN:69,(anonymous_3)
FN:73,(anonymous_4)
FN:78,(anonymous_5)
FN:80,(anonymous_6)
FN:84,(anonymous_7)
FN:86,(anonymous_8)
FN:98,(anonymous_9)
FN:100,(anonymous_10)
FN:101,(anonymous_11)
FN:104,(anonymous_12)
FN:107,(anonymous_13)
FN:112,(anonymous_14)
FN:118,(anonymous_15)
FN:123,(anonymous_16)
FN:126,(anonymous_17)
FNF:18
FNH:18
FNDA:11,(anonymous_0)
FNDA:31,(anonymous_1)
FNDA:10,(anonymous_2)
FNDA:17,(anonymous_3)
FNDA:10,(anonymous_4)
FNDA:15,(anonymous_5)
FNDA:14,(anonymous_6)
FNDA:1413,(anonymous_7)
FNDA:841,(anonymous_8)
FNDA:14,(anonymous_9)
FNDA:630,(anonymous_10)
FNDA:105,(anonymous_11)
FNDA:15,(anonymous_12)
FNDA:15,(anonymous_13)
FNDA:4,(anonymous_14)
FNDA:2,(anonymous_15)
FNDA:2,(anonymous_16)
FNDA:10,(anonymous_17)
DA:39,1
DA:40,11
DA:41,11
DA:42,11
DA:48,11
DA:49,11
DA:50,11
DA:51,11
DA:53,11
DA:55,31
DA:56,5
DA:57,5
DA:58,5
DA:64,10
DA:65,10
DA:66,10
DA:70,17
DA:74,10
DA:75,10
DA:79,15
DA:81,14
DA:82,14
DA:83,14
DA:84,1413
DA:87,841
DA:88,313
DA:90,528
DA:91,517
DA:93,11
DA:99,14
DA:100,630
DA:101,105
DA:105,15
DA:106,15
DA:108,15
DA:113,4
DA:114,4
DA:119,2
DA:120,2
DA:121,2
DA:123,2
DA:130,10
DA:131,10
LF:43
LH:43
BRDA:55,0,0,5
BRDA:70,1,0,2
BRDA:70,1,1,15
BRDA:87,2,0,313
BRDA:90,3,0,517
BRDA:119,4,0,1
BRDA:119,4,1,1
BRDA:130,5,0,10
BRF:8
BRH:8
end_of_record
TN:
SF:src/app/user/user.component.ts
FN:16,(anonymous_0)
FN:21,(anonymous_1)
FN:30,(anonymous_2)
FN:34,(anonymous_3)
FN:38,(anonymous_4)
FN:41,(anonymous_5)
FNF:6
FNH:6
FNDA:6,(anonymous_0)
FNDA:20,(anonymous_1)
FNDA:5,(anonymous_2)
FNDA:9,(anonymous_3)
FNDA:8,(anonymous_4)
FNDA:5,(anonymous_5)
DA:11,1
DA:12,6
DA:14,6
DA:17,6
DA:18,6
DA:19,6
DA:21,6
DA:23,20
DA:24,4
DA:25,4
DA:31,5
DA:35,9
DA:36,9
DA:37,8
DA:38,8
DA:45,5
DA:46,5
LF:17
LH:17
BRDA:23,0,0,4
BRDA:36,1,0,8
BRDA:45,2,0,5
BRF:3
BRH:3
end_of_record
TN:
SF:src/app/user/user.service.ts
FN:14,(anonymous_0)
FN:18,(anonymous_1)
FN:23,(anonymous_2)
FN:31,(anonymous_3)
FN:41,(anonymous_4)
FN:45,(anonymous_5)
FN:46,(anonymous_6)
FNF:7
FNH:7
FNDA:12,(anonymous_0)
FNDA:205,(anonymous_1)
FNDA:12,(anonymous_2)
FNDA:205,(anonymous_3)
FNDA:2,(anonymous_4)
FNDA:212,(anonymous_5)
FNDA:3,(anonymous_6)
DA:10,1
DA:12,12
DA:14,12
DA:15,12
DA:19,205
DA:24,12
DA:32,205
DA:33,198
DA:34,198
DA:38,7
DA:42,2
DA:46,212
DA:47,3
DA:48,3
LF:14
LH:14
BRDA:32,0,0,198
BRF:1
BRH:1
end_of_record
